<?xml version="1.0" encoding="UTF-8"?>
<!-- Generated by org.testng.reporters.JUnitReportReporter -->
<testsuite hostname="DESKTOP-B4540VI" failures="0" tests="1" name="com.nextwebsite.ProductDetailsTest" time="17.695" errors="0" timestamp="2025-10-03T16:08:24 IST" skipped="0">
  <testcase classname="com.nextwebsite.ProductDetailsTest" name="verifyProductDetails" time="17.695"/>
</testsuite> <!-- com.nextwebsite.ProductDetailsTest -->
