<?xml version="1.0" encoding="UTF-8"?>
<!-- Generated by org.testng.reporters.JUnitReportReporter -->
<testsuite hostname="DESKTOP-B4540VI" failures="0" tests="1" name="com.nextwebsite.NextWebsiteScreenshot" time="28.573" errors="0" timestamp="2025-10-22T15:19:33 IST" skipped="0">
  <testcase classname="com.nextwebsite.NextWebsiteScreenshot" name="captureHomePageFullScreenshot" time="28.573"/>
</testsuite> <!-- com.nextwebsite.NextWebsiteScreenshot -->
