<?xml version="1.0" encoding="UTF-8"?>
<!-- Generated by org.testng.reporters.JUnitReportReporter -->
<testsuite hostname="DESKTOP-B4540VI" failures="0" tests="1" name="com.nextwebsite.TC_AddToFavouritesSimple" time="62.250" errors="0" timestamp="2025-10-16T20:43:29 IST" skipped="0">
  <testcase classname="com.nextwebsite.TC_AddToFavouritesSimple" name="verifyAddToFavourites" time="62.250"/>
</testsuite> <!-- com.nextwebsite.TC_AddToFavouritesSimple -->
