<?xml version="1.0" encoding="UTF-8"?>
<!-- Generated by org.testng.reporters.JUnitReportReporter -->
<testsuite hostname="DESKTOP-B4540VI" failures="0" tests="1" name="com.nextwebsite.CaptureScreenShots" time="55.049" errors="0" timestamp="2025-10-26T21:39:38 IST" skipped="0">
  <testcase classname="com.nextwebsite.CaptureScreenShots" name="captureHomePageFullScreenshot" time="55.049"/>
</testsuite> <!-- com.nextwebsite.CaptureScreenShots -->
